e:\projet2\project2\debug\vc140.pdb
e:\projet2\project2\debug\vc140.idb
e:\projet2\project2\debug\alchimiste.obj
e:\projet2\project2\debug\animationcombat.obj
e:\projet2\project2\debug\chose.obj
e:\projet2\project2\debug\combat.obj
e:\projet2\project2\debug\creationperso.obj
e:\projet2\project2\debug\database.obj
e:\projet2\project2\debug\guerrier.obj
e:\projet2\project2\debug\jeu.obj
e:\projet2\project2\debug\main.obj
e:\projet2\project2\debug\menu.obj
e:\projet2\project2\debug\mur.obj
e:\projet2\project2\debug\paladin.obj
e:\projet2\project2\debug\personnage.obj
e:\projet2\project2\debug\produit.obj
e:\projet2\project2\debug\ranger.obj
e:\projet2\project2\debug\sauvegarde.obj
e:\projet2\project2\debug\voleur.obj
e:\projet2\project2\debug\charger.obj
e:\projet2\project2\debug\projet2.ilk
e:\projet2\project2\debug\projet2.exe
e:\projet2\project2\debug\projet2.pdb
e:\projet2\project2\debug\projet2.tlog\cl.command.1.tlog
e:\projet2\project2\debug\projet2.tlog\cl.read.1.tlog
e:\projet2\project2\debug\projet2.tlog\cl.write.1.tlog
e:\projet2\project2\debug\projet2.tlog\link.command.1.tlog
e:\projet2\project2\debug\projet2.tlog\link.read.1.tlog
e:\projet2\project2\debug\projet2.tlog\link.write.1.tlog
