  jeu.cpp
e:\projet2\project2\personnage.h(54): warning C4305: 'argument': truncation from 'double' to 'float'
e:\projet2\project2\jeu.cpp(23): warning C4244: 'argument': conversion from 'int' to 'float', possible loss of data
e:\projet2\project2\jeu.cpp(26): warning C4244: 'argument': conversion from 'int' to 'float', possible loss of data
e:\projet2\project2\jeu.cpp(104): warning C4244: 'argument': conversion from 'int' to 'float', possible loss of data
e:\projet2\project2\jeu.cpp(124): warning C4244: 'argument': conversion from 'int' to 'float', possible loss of data
e:\projet2\project2\jeu.cpp(129): warning C4244: 'argument': conversion from 'int' to 'float', possible loss of data
e:\projet2\project2\jeu.cpp(130): warning C4244: 'argument': conversion from 'int' to 'float', possible loss of data
e:\projet2\project2\jeu.cpp(132): warning C4244: 'argument': conversion from 'int' to 'float', possible loss of data
e:\projet2\project2\jeu.cpp(133): warning C4244: 'argument': conversion from 'int' to 'float', possible loss of data
e:\projet2\project2\jeu.cpp(135): warning C4244: 'argument': conversion from 'int' to 'float', possible loss of data
e:\projet2\project2\jeu.cpp(138): warning C4244: 'argument': conversion from 'int' to 'float', possible loss of data
e:\projet2\project2\jeu.cpp(140): warning C4244: 'argument': conversion from 'int' to 'float', possible loss of data
e:\projet2\project2\jeu.cpp(142): warning C4244: 'argument': conversion from 'int' to 'float', possible loss of data
e:\projet2\project2\jeu.cpp(144): warning C4244: 'argument': conversion from 'int' to 'float', possible loss of data
e:\projet2\project2\jeu.cpp(146): warning C4244: 'argument': conversion from 'int' to 'float', possible loss of data
e:\projet2\project2\jeu.cpp(148): warning C4244: 'argument': conversion from 'int' to 'float', possible loss of data
e:\projet2\project2\jeu.cpp(150): warning C4244: 'argument': conversion from 'int' to 'float', possible loss of data
e:\projet2\project2\jeu.cpp(152): warning C4244: 'argument': conversion from 'int' to 'float', possible loss of data
e:\projet2\project2\jeu.cpp(154): warning C4244: 'argument': conversion from 'int' to 'float', possible loss of data
e:\projet2\project2\jeu.cpp(156): warning C4244: 'argument': conversion from 'int' to 'float', possible loss of data
e:\projet2\project2\jeu.cpp(158): warning C4244: 'argument': conversion from 'int' to 'float', possible loss of data
e:\projet2\project2\jeu.cpp(160): warning C4244: 'argument': conversion from 'int' to 'float', possible loss of data
e:\projet2\project2\jeu.cpp(162): warning C4244: 'argument': conversion from 'int' to 'float', possible loss of data
e:\projet2\project2\jeu.cpp(164): warning C4244: 'argument': conversion from 'int' to 'float', possible loss of data
e:\projet2\project2\jeu.cpp(166): warning C4244: 'argument': conversion from 'int' to 'float', possible loss of data
e:\projet2\project2\jeu.cpp(168): warning C4244: 'argument': conversion from 'int' to 'float', possible loss of data
e:\projet2\project2\jeu.cpp(170): warning C4244: 'argument': conversion from 'int' to 'float', possible loss of data
e:\projet2\project2\jeu.cpp(172): warning C4244: 'argument': conversion from 'int' to 'float', possible loss of data
e:\projet2\project2\jeu.cpp(174): warning C4244: 'argument': conversion from 'int' to 'float', possible loss of data
e:\projet2\project2\jeu.cpp(175): warning C4244: 'argument': conversion from 'int' to 'float', possible loss of data
e:\projet2\project2\jeu.cpp(177): warning C4244: 'argument': conversion from 'int' to 'float', possible loss of data
e:\projet2\project2\jeu.cpp(179): warning C4244: 'argument': conversion from 'int' to 'float', possible loss of data
e:\projet2\project2\jeu.cpp(181): warning C4244: 'argument': conversion from 'int' to 'float', possible loss of data
e:\projet2\project2\jeu.cpp(182): warning C4244: 'argument': conversion from 'int' to 'float', possible loss of data
e:\projet2\project2\jeu.cpp(184): warning C4244: 'argument': conversion from 'int' to 'float', possible loss of data
e:\projet2\project2\jeu.cpp(186): warning C4244: 'argument': conversion from 'int' to 'float', possible loss of data
e:\projet2\project2\jeu.cpp(188): warning C4244: 'argument': conversion from 'int' to 'float', possible loss of data
e:\projet2\project2\jeu.cpp(190): warning C4244: 'argument': conversion from 'int' to 'float', possible loss of data
e:\projet2\project2\jeu.cpp(192): warning C4244: 'argument': conversion from 'int' to 'float', possible loss of data
e:\projet2\project2\jeu.cpp(194): warning C4244: 'argument': conversion from 'int' to 'float', possible loss of data
e:\projet2\project2\jeu.cpp(196): warning C4244: 'argument': conversion from 'int' to 'float', possible loss of data
e:\projet2\project2\jeu.cpp(198): warning C4244: 'argument': conversion from 'int' to 'float', possible loss of data
e:\projet2\project2\jeu.cpp(200): warning C4244: 'argument': conversion from 'int' to 'float', possible loss of data
e:\projet2\project2\jeu.cpp(202): warning C4244: 'argument': conversion from 'int' to 'float', possible loss of data
e:\projet2\project2\jeu.cpp(204): warning C4244: 'argument': conversion from 'int' to 'float', possible loss of data
e:\projet2\project2\jeu.cpp(205): warning C4244: 'argument': conversion from 'int' to 'float', possible loss of data
e:\projet2\project2\jeu.cpp(207): warning C4244: 'argument': conversion from 'int' to 'float', possible loss of data
e:\projet2\project2\jeu.cpp(208): warning C4244: 'argument': conversion from 'int' to 'float', possible loss of data
e:\projet2\project2\jeu.cpp(210): warning C4244: 'argument': conversion from 'int' to 'float', possible loss of data
e:\projet2\project2\jeu.cpp(211): warning C4244: 'argument': conversion from 'int' to 'float', possible loss of data
e:\projet2\project2\jeu.cpp(213): warning C4244: 'argument': conversion from 'int' to 'float', possible loss of data
e:\projet2\project2\jeu.cpp(214): warning C4244: 'argument': conversion from 'int' to 'float', possible loss of data
e:\projet2\project2\jeu.cpp(216): warning C4244: 'argument': conversion from 'int' to 'float', possible loss of data
e:\projet2\project2\jeu.cpp(218): warning C4244: 'argument': conversion from 'int' to 'float', possible loss of data
e:\projet2\project2\jeu.cpp(220): warning C4244: 'argument': conversion from 'int' to 'float', possible loss of data
e:\projet2\project2\jeu.cpp(221): warning C4244: 'argument': conversion from 'int' to 'float', possible loss of data
e:\projet2\project2\jeu.cpp(223): warning C4244: 'argument': conversion from 'int' to 'float', possible loss of data
e:\projet2\project2\jeu.cpp(224): warning C4244: 'argument': conversion from 'int' to 'float', possible loss of data
e:\projet2\project2\jeu.cpp(226): warning C4244: 'argument': conversion from 'int' to 'float', possible loss of data
e:\projet2\project2\jeu.cpp(227): warning C4244: 'argument': conversion from 'int' to 'float', possible loss of data
e:\projet2\project2\jeu.cpp(229): warning C4244: 'argument': conversion from 'int' to 'float', possible loss of data
e:\projet2\project2\jeu.cpp(230): warning C4244: 'argument': conversion from 'int' to 'float', possible loss of data
e:\projet2\project2\jeu.cpp(232): warning C4244: 'argument': conversion from 'int' to 'float', possible loss of data
e:\projet2\project2\jeu.cpp(233): warning C4244: 'argument': conversion from 'int' to 'float', possible loss of data
e:\projet2\project2\jeu.cpp(235): warning C4244: 'argument': conversion from 'int' to 'float', possible loss of data
e:\projet2\project2\jeu.cpp(236): warning C4244: 'argument': conversion from 'int' to 'float', possible loss of data
e:\projet2\project2\jeu.cpp(238): warning C4244: 'argument': conversion from 'int' to 'float', possible loss of data
e:\projet2\project2\jeu.cpp(240): warning C4244: 'argument': conversion from 'int' to 'float', possible loss of data
e:\projet2\project2\jeu.cpp(241): warning C4244: 'argument': conversion from 'int' to 'float', possible loss of data
e:\projet2\project2\jeu.cpp(243): warning C4244: 'argument': conversion from 'int' to 'float', possible loss of data
e:\projet2\project2\jeu.cpp(245): warning C4244: 'argument': conversion from 'int' to 'float', possible loss of data
e:\projet2\project2\jeu.cpp(247): warning C4244: 'argument': conversion from 'int' to 'float', possible loss of data
e:\projet2\project2\jeu.cpp(249): warning C4244: 'argument': conversion from 'int' to 'float', possible loss of data
e:\projet2\project2\jeu.cpp(251): warning C4244: 'argument': conversion from 'int' to 'float', possible loss of data
e:\projet2\project2\jeu.cpp(253): warning C4244: 'argument': conversion from 'int' to 'float', possible loss of data
e:\projet2\project2\jeu.cpp(255): warning C4244: 'argument': conversion from 'int' to 'float', possible loss of data
e:\projet2\project2\jeu.cpp(257): warning C4244: 'argument': conversion from 'int' to 'float', possible loss of data
e:\projet2\project2\jeu.cpp(259): warning C4244: 'argument': conversion from 'int' to 'float', possible loss of data
e:\projet2\project2\jeu.cpp(261): warning C4244: 'argument': conversion from 'int' to 'float', possible loss of data
e:\projet2\project2\jeu.cpp(262): warning C4244: 'argument': conversion from 'int' to 'float', possible loss of data
e:\projet2\project2\jeu.cpp(264): warning C4244: 'argument': conversion from 'int' to 'float', possible loss of data
e:\projet2\project2\jeu.cpp(266): warning C4244: 'argument': conversion from 'int' to 'float', possible loss of data
e:\projet2\project2\jeu.cpp(267): warning C4244: 'argument': conversion from 'int' to 'float', possible loss of data
e:\projet2\project2\jeu.cpp(269): warning C4244: 'argument': conversion from 'int' to 'float', possible loss of data
e:\projet2\project2\jeu.cpp(271): warning C4244: 'argument': conversion from 'int' to 'float', possible loss of data
e:\projet2\project2\jeu.cpp(273): warning C4244: 'argument': conversion from 'int' to 'float', possible loss of data
e:\projet2\project2\jeu.cpp(275): warning C4244: 'argument': conversion from 'int' to 'float', possible loss of data
e:\projet2\project2\jeu.cpp(277): warning C4244: 'argument': conversion from 'int' to 'float', possible loss of data
e:\projet2\project2\jeu.cpp(279): warning C4244: 'argument': conversion from 'int' to 'float', possible loss of data
e:\projet2\project2\jeu.cpp(281): warning C4244: 'argument': conversion from 'int' to 'float', possible loss of data
e:\projet2\project2\jeu.cpp(282): warning C4244: 'argument': conversion from 'int' to 'float', possible loss of data
e:\projet2\project2\jeu.cpp(284): warning C4244: 'argument': conversion from 'int' to 'float', possible loss of data
e:\projet2\project2\jeu.cpp(285): warning C4244: 'argument': conversion from 'int' to 'float', possible loss of data
e:\projet2\project2\jeu.cpp(287): warning C4244: 'argument': conversion from 'int' to 'float', possible loss of data
e:\projet2\project2\jeu.cpp(289): warning C4244: 'argument': conversion from 'int' to 'float', possible loss of data
e:\projet2\project2\jeu.cpp(291): warning C4244: 'argument': conversion from 'int' to 'float', possible loss of data
e:\projet2\project2\jeu.cpp(293): warning C4244: 'argument': conversion from 'int' to 'float', possible loss of data
e:\projet2\project2\jeu.cpp(295): warning C4244: 'argument': conversion from 'int' to 'float', possible loss of data
e:\projet2\project2\jeu.cpp(297): warning C4244: 'argument': conversion from 'int' to 'float', possible loss of data
e:\projet2\project2\jeu.cpp(299): warning C4244: 'argument': conversion from 'int' to 'float', possible loss of data
e:\projet2\project2\jeu.cpp(301): warning C4244: 'argument': conversion from 'int' to 'float', possible loss of data
e:\projet2\project2\jeu.cpp(303): warning C4244: 'argument': conversion from 'int' to 'float', possible loss of data
e:\projet2\project2\jeu.cpp(305): warning C4244: 'argument': conversion from 'int' to 'float', possible loss of data
e:\projet2\project2\jeu.cpp(307): warning C4244: 'argument': conversion from 'int' to 'float', possible loss of data
e:\projet2\project2\jeu.cpp(309): warning C4244: 'argument': conversion from 'int' to 'float', possible loss of data
e:\projet2\project2\jeu.cpp(311): warning C4244: 'argument': conversion from 'int' to 'float', possible loss of data
e:\projet2\project2\jeu.cpp(313): warning C4244: 'argument': conversion from 'int' to 'float', possible loss of data
e:\projet2\project2\jeu.cpp(315): warning C4244: 'argument': conversion from 'int' to 'float', possible loss of data
e:\projet2\project2\jeu.cpp(317): warning C4244: 'argument': conversion from 'int' to 'float', possible loss of data
e:\projet2\project2\jeu.cpp(319): warning C4244: 'argument': conversion from 'int' to 'float', possible loss of data
e:\projet2\project2\jeu.cpp(321): warning C4244: 'argument': conversion from 'int' to 'float', possible loss of data
e:\projet2\project2\jeu.cpp(323): warning C4244: 'argument': conversion from 'int' to 'float', possible loss of data
e:\projet2\project2\jeu.cpp(325): warning C4244: 'argument': conversion from 'int' to 'float', possible loss of data
e:\projet2\project2\jeu.cpp(327): warning C4244: 'argument': conversion from 'int' to 'float', possible loss of data
e:\projet2\project2\jeu.cpp(329): warning C4244: 'argument': conversion from 'int' to 'float', possible loss of data
e:\projet2\project2\jeu.cpp(331): warning C4244: 'argument': conversion from 'int' to 'float', possible loss of data
e:\projet2\project2\jeu.cpp(333): warning C4244: 'argument': conversion from 'int' to 'float', possible loss of data
e:\projet2\project2\jeu.cpp(335): warning C4244: 'argument': conversion from 'int' to 'float', possible loss of data
e:\projet2\project2\jeu.cpp(337): warning C4244: 'argument': conversion from 'int' to 'float', possible loss of data
e:\projet2\project2\jeu.cpp(339): warning C4244: 'argument': conversion from 'int' to 'float', possible loss of data
e:\projet2\project2\jeu.cpp(341): warning C4244: 'argument': conversion from 'int' to 'float', possible loss of data
e:\projet2\project2\jeu.cpp(343): warning C4244: 'argument': conversion from 'int' to 'float', possible loss of data
e:\projet2\project2\jeu.cpp(345): warning C4244: 'argument': conversion from 'int' to 'float', possible loss of data
e:\projet2\project2\jeu.cpp(346): warning C4244: 'argument': conversion from 'int' to 'float', possible loss of data
e:\projet2\project2\jeu.cpp(348): warning C4244: 'argument': conversion from 'int' to 'float', possible loss of data
e:\projet2\project2\jeu.cpp(350): warning C4244: 'argument': conversion from 'int' to 'float', possible loss of data
e:\projet2\project2\jeu.cpp(352): warning C4244: 'argument': conversion from 'int' to 'float', possible loss of data
e:\projet2\project2\jeu.cpp(354): warning C4244: 'argument': conversion from 'int' to 'float', possible loss of data
e:\projet2\project2\jeu.cpp(356): warning C4244: 'argument': conversion from 'int' to 'float', possible loss of data
e:\projet2\project2\jeu.cpp(358): warning C4244: 'argument': conversion from 'int' to 'float', possible loss of data
e:\projet2\project2\jeu.cpp(359): warning C4244: 'argument': conversion from 'int' to 'float', possible loss of data
e:\projet2\project2\jeu.cpp(361): warning C4244: 'argument': conversion from 'int' to 'float', possible loss of data
e:\projet2\project2\jeu.cpp(363): warning C4244: 'argument': conversion from 'int' to 'float', possible loss of data
e:\projet2\project2\jeu.cpp(365): warning C4244: 'argument': conversion from 'int' to 'float', possible loss of data
e:\projet2\project2\jeu.cpp(459): warning C4244: 'argument': conversion from 'unsigned int' to 'float', possible loss of data
e:\projet2\project2\jeu.cpp(591): warning C4244: 'argument': conversion from 'int' to 'float', possible loss of data
e:\projet2\project2\jeu.cpp(594): warning C4244: 'argument': conversion from 'int' to 'float', possible loss of data
e:\projet2\project2\jeu.cpp(670): warning C4244: 'argument': conversion from 'int' to 'float', possible loss of data
e:\projet2\project2\jeu.cpp(673): warning C4244: 'argument': conversion from 'int' to 'float', possible loss of data
e:\projet2\project2\jeu.cpp(754): warning C4244: 'argument': conversion from 'int' to 'float', possible loss of data
e:\projet2\project2\jeu.cpp(755): warning C4244: 'argument': conversion from 'int' to 'float', possible loss of data
e:\projet2\project2\jeu.cpp(771): warning C4244: 'argument': conversion from 'int' to 'float', possible loss of data
e:\projet2\project2\jeu.cpp(776): warning C4244: 'argument': conversion from 'int' to 'float', possible loss of data
e:\projet2\project2\jeu.cpp(782): warning C4244: 'argument': conversion from 'int' to 'float', possible loss of data
e:\projet2\project2\jeu.cpp(787): warning C4244: 'argument': conversion from 'int' to 'float', possible loss of data
e:\projet2\project2\jeu.cpp(915): warning C4244: 'argument': conversion from 'int' to 'float', possible loss of data
e:\projet2\project2\jeu.cpp(923): warning C4244: 'argument': conversion from 'int' to 'float', possible loss of data
  Projet2.vcxproj -> E:\Projet2\Project2\Debug\Projet2.exe
  Projet2.vcxproj -> E:\Projet2\Project2\Debug\Projet2.pdb (Partial PDB)
