e:\projet2\project2\release\vc140.pdb
e:\projet2\project2\release\voleur.obj
e:\projet2\project2\release\sauvegarde.obj
e:\projet2\project2\release\ranger.obj
e:\projet2\project2\release\produit.obj
e:\projet2\project2\release\personnage.obj
e:\projet2\project2\release\paladin.obj
e:\projet2\project2\release\mur.obj
e:\projet2\project2\release\menu.obj
e:\projet2\project2\release\main.obj
e:\projet2\project2\release\jeu.obj
e:\projet2\project2\release\guerrier.obj
e:\projet2\project2\release\database.obj
e:\projet2\project2\release\creationperso.obj
e:\projet2\project2\release\combat.obj
e:\projet2\project2\release\chose.obj
e:\projet2\project2\release\animationcombat.obj
e:\projet2\project2\release\alchimiste.obj
e:\projet2\project2\release\charger.obj
e:\projet2\project2\release\projet2.exe
e:\projet2\project2\release\projet2.ipdb
e:\projet2\project2\release\projet2.iobj
e:\projet2\project2\release\projet2.pdb
e:\projet2\project2\release\projet2.tlog\cl.command.1.tlog
e:\projet2\project2\release\projet2.tlog\cl.read.1.tlog
e:\projet2\project2\release\projet2.tlog\cl.write.1.tlog
e:\projet2\project2\release\projet2.tlog\link.command.1.tlog
e:\projet2\project2\release\projet2.tlog\link.read.1.tlog
e:\projet2\project2\release\projet2.tlog\link.write.1.tlog
